# JRE version: Java(TM) SE Runtime Environment (8.0_144-b01) (build 1.8.0_144-b01)
# Java VM: Java HotSpot(TM) 64-Bit Server VM (25.144-b01 mixed mode windows-amd64 compressed oops)
Heap:
 PSYoungGen      total 431616K, used 181552K [0x00000000d6300000, 0x00000000f5680000, 0x0000000100000000)
  eden space 397824K, 45% used [0x00000000d6300000,0x00000000e144c0e0,0x00000000ee780000)
  from space 33792K, 0% used [0x00000000f1780000,0x00000000f1780000,0x00000000f3880000)
  to   space 49152K, 0% used [0x00000000ee780000,0x00000000ee780000,0x00000000f1780000)
 ParOldGen       total 139264K, used 78507K [0x0000000082800000, 0x000000008b000000, 0x00000000d6300000)
  object space 139264K, 56% used [0x0000000082800000,0x00000000874aae98,0x000000008b000000)
 Metaspace       used 19079K, capacity 19262K, committed 19584K, reserved 1067008K
  class space    used 2326K, capacity 2409K, committed 2432K, reserved 1048576K
GC Heap History (10 events):
Event: 15.696 GC heap before
{Heap before GC invocations=13 (full 0):
 PSYoungGen      total 179200K, used 170405K [0x00000000d6300000, 0x00000000e2380000, 0x0000000100000000)
  eden space 163328K, 100% used [0x00000000d6300000,0x00000000e0280000,0x00000000e0280000)
  from space 15872K, 44% used [0x00000000e1400000,0x00000000e1ae9460,0x00000000e2380000)
  to   space 16896K, 0% used [0x00000000e0280000,0x00000000e0280000,0x00000000e1300000)
 ParOldGen       total 86016K, used 27397K [0x0000000082800000, 0x0000000087c00000, 0x00000000d6300000)
  object space 86016K, 31% used [0x0000000082800000,0x00000000842c15b0,0x0000000087c00000)
 Metaspace       used 18630K, capacity 18782K, committed 19072K, reserved 1067008K
  class space    used 2289K, capacity 2377K, committed 2432K, reserved 1048576K
Event: 15.709 GC heap after
Heap after GC invocations=13 (full 0):
 PSYoungGen      total 180224K, used 9246K [0x00000000d6300000, 0x00000000e8380000, 0x0000000100000000)
  eden space 163328K, 0% used [0x00000000d6300000,0x00000000d6300000,0x00000000e0280000)
  from space 16896K, 54% used [0x00000000e0280000,0x00000000e0b87a70,0x00000000e1300000)
  to   space 16896K, 0% used [0x00000000e7300000,0x00000000e7300000,0x00000000e8380000)
 ParOldGen       total 86016K, used 29781K [0x0000000082800000, 0x0000000087c00000, 0x00000000d6300000)
  object space 86016K, 34% used [0x0000000082800000,0x00000000845155f0,0x0000000087c00000)
 Metaspace       used 18630K, capacity 18782K, committed 19072K, reserved 1067008K
  class space    used 2289K, capacity 2377K, committed 2432K, reserved 1048576K
}
Event: 15.865 GC heap before
{Heap before GC invocations=14 (full 0):
 PSYoungGen      total 180224K, used 172574K [0x00000000d6300000, 0x00000000e8380000, 0x0000000100000000)
  eden space 163328K, 100% used [0x00000000d6300000,0x00000000e0280000,0x00000000e0280000)
  from space 16896K, 54% used [0x00000000e0280000,0x00000000e0b87a70,0x00000000e1300000)
  to   space 16896K, 0% used [0x00000000e7300000,0x00000000e7300000,0x00000000e8380000)
 ParOldGen       total 86016K, used 29781K [0x0000000082800000, 0x0000000087c00000, 0x00000000d6300000)
  object space 86016K, 34% used [0x0000000082800000,0x00000000845155f0,0x0000000087c00000)
 Metaspace       used 18673K, capacity 18910K, committed 19072K, reserved 1067008K
  class space    used 2289K, capacity 2377K, committed 2432K, reserved 1048576K
Event: 15.893 GC heap after
Heap after GC invocations=14 (full 0):
 PSYoungGen      total 274944K, used 16893K [0x00000000d6300000, 0x00000000e8a80000, 0x0000000100000000)
  eden space 258048K, 0% used [0x00000000d6300000,0x00000000d6300000,0x00000000e5f00000)
  from space 16896K, 99% used [0x00000000e7300000,0x00000000e837f680,0x00000000e8380000)
  to   space 20480K, 0% used [0x00000000e5f00000,0x00000000e5f00000,0x00000000e7300000)
 ParOldGen       total 86016K, used 32885K [0x0000000082800000, 0x0000000087c00000, 0x00000000d6300000)
  object space 86016K, 38% used [0x0000000082800000,0x000000008481d630,0x0000000087c00000)
 Metaspace       used 18673K, capacity 18910K, committed 19072K, reserved 1067008K
  class space    used 2289K, capacity 2377K, committed 2432K, reserved 1048576K
}
Event: 16.166 GC heap before
{Heap before GC invocations=15 (full 0):
 PSYoungGen      total 274944K, used 274941K [0x00000000d6300000, 0x00000000e8a80000, 0x0000000100000000)
  eden space 258048K, 100% used [0x00000000d6300000,0x00000000e5f00000,0x00000000e5f00000)
  from space 16896K, 99% used [0x00000000e7300000,0x00000000e837f680,0x00000000e8380000)
  to   space 20480K, 0% used [0x00000000e5f00000,0x00000000e5f00000,0x00000000e7300000)
 ParOldGen       total 86016K, used 32885K [0x0000000082800000, 0x0000000087c00000, 0x00000000d6300000)
  object space 86016K, 38% used [0x0000000082800000,0x000000008481d630,0x0000000087c00000)
 Metaspace       used 18684K, capacity 18910K, committed 19072K, reserved 1067008K
  class space    used 2290K, capacity 2377K, committed 2432K, reserved 1048576K
Event: 16.212 GC heap after
Heap after GC invocations=15 (full 0):
 PSYoungGen      total 278528K, used 20448K [0x00000000d6300000, 0x00000000f3880000, 0x0000000100000000)
  eden space 258048K, 0% used [0x00000000d6300000,0x00000000d6300000,0x00000000e5f00000)
  from space 20480K, 99% used [0x00000000e5f00000,0x00000000e72f8248,0x00000000e7300000)
  to   space 33792K, 0% used [0x00000000f1780000,0x00000000f1780000,0x00000000f3880000)
 ParOldGen       total 86016K, used 60198K [0x0000000082800000, 0x0000000087c00000, 0x00000000d6300000)
  object space 86016K, 69% used [0x0000000082800000,0x00000000862c9ad8,0x0000000087c00000)
 Metaspace       used 18684K, capacity 18910K, committed 19072K, reserved 1067008K
  class space    used 2290K, capacity 2377K, committed 2432K, reserved 1048576K
}
Event: 16.435 GC heap before
{Heap before GC invocations=16 (full 0):
 PSYoungGen      total 278528K, used 278496K [0x00000000d6300000, 0x00000000f3880000, 0x0000000100000000)
  eden space 258048K, 100% used [0x00000000d6300000,0x00000000e5f00000,0x00000000e5f00000)
  from space 20480K, 99% used [0x00000000e5f00000,0x00000000e72f8248,0x00000000e7300000)
  to   space 33792K, 0% used [0x00000000f1780000,0x00000000f1780000,0x00000000f3880000)
 ParOldGen       total 86016K, used 60198K [0x0000000082800000, 0x0000000087c00000, 0x00000000d6300000)
  object space 86016K, 69% used [0x0000000082800000,0x00000000862c9ad8,0x0000000087c00000)
 Metaspace       used 18696K, capacity 18910K, committed 19072K, reserved 1067008K
  class space    used 2290K, capacity 2377K, committed 2432K, reserved 1048576K
Event: 16.490 GC heap after
Heap after GC invocations=16 (full 0):
 PSYoungGen      total 431616K, used 33779K [0x00000000d6300000, 0x00000000f5680000, 0x0000000100000000)
  eden space 397824K, 0% used [0x00000000d6300000,0x00000000d6300000,0x00000000ee780000)
  from space 33792K, 99% used [0x00000000f1780000,0x00000000f387cf50,0x00000000f3880000)
  to   space 49152K, 0% used [0x00000000ee780000,0x00000000ee780000,0x00000000f1780000)
 ParOldGen       total 89600K, used 86843K [0x0000000082800000, 0x0000000087f80000, 0x00000000d6300000)
  object space 89600K, 96% used [0x0000000082800000,0x0000000087ccecc0,0x0000000087f80000)
 Metaspace       used 18696K, capacity 18910K, committed 19072K, reserved 1067008K
  class space    used 2290K, capacity 2377K, committed 2432K, reserved 1048576K
}
Event: 16.490 GC heap before
{Heap before GC invocations=17 (full 1):
 PSYoungGen      total 431616K, used 33779K [0x00000000d6300000, 0x00000000f5680000, 0x0000000100000000)
  eden space 397824K, 0% used [0x00000000d6300000,0x00000000d6300000,0x00000000ee780000)
  from space 33792K, 99% used [0x00000000f1780000,0x00000000f387cf50,0x00000000f3880000)
  to   space 49152K, 0% used [0x00000000ee780000,0x00000000ee780000,0x00000000f1780000)
 ParOldGen       total 89600K, used 86843K [0x0000000082800000, 0x0000000087f80000, 0x00000000d6300000)
  object space 89600K, 96% used [0x0000000082800000,0x0000000087ccecc0,0x0000000087f80000)
 Metaspace       used 18696K, capacity 18910K, committed 19072K, reserved 1067008K
  class space    used 2290K, capacity 2377K, committed 2432K, reserved 1048576K
Event: 16.866 GC heap after
Heap after GC invocations=17 (full 1):
 PSYoungGen      total 431616K, used 0K [0x00000000d6300000, 0x00000000f5680000, 0x0000000100000000)
  eden space 397824K, 0% used [0x00000000d6300000,0x00000000d6300000,0x00000000ee780000)
  from space 33792K, 0% used [0x00000000f1780000,0x00000000f1780000,0x00000000f3880000)
  to   space 49152K, 0% used [0x00000000ee780000,0x00000000ee780000,0x00000000f1780000)
 ParOldGen       total 139264K, used 78507K [0x0000000082800000, 0x000000008b000000, 0x00000000d6300000)
  object space 139264K, 56% used [0x0000000082800000,0x00000000874aae98,0x000000008b000000)
 Metaspace       used 18696K, capacity 18910K, committed 19072K, reserved 1067008K
  class space    used 2290K, capacity 2377K, committed 2432K, reserved 1048576K
}

